<?xml version="1.0" encoding="UTF-8"?>
<!-- Generated by org.testng.reporters.JUnitXMLReporter -->
<testsuite ignored="0" hostname="LTIN322797" failures="0" tests="1" name="Test" time="0.343" errors="0" timestamp="2023-11-12T08:15:43 IST">
  <testcase classname="testBase.TestBase" name="@BeforeMethod initilizeDriver" time="0.012">
    <failure type="java.io.FileNotFoundException" message="C:\Users\904707\OneDrive - Cognizant\Desktop\Automation\Hardees PWA\endToEndSelenium\src\test\java\Resources\data.property (The system cannot find the file specified)">
      <![CDATA[java.io.FileNotFoundException: C:\Users\904707\OneDrive - Cognizant\Desktop\Automation\Hardees PWA\endToEndSelenium\src\test\java\Resources\data.property (The system cannot find the file specified)
at java.base/java.io.FileInputStream.open0(Native Method)
at java.base/java.io.FileInputStream.open(FileInputStream.java:216)
at java.base/java.io.FileInputStream.<init>(FileInputStream.java:157)
at java.base/java.io.FileInputStream.<init>(FileInputStream.java:111)
at testBase.TestBase.initilizeDriver(TestBase.java:37)
at java.base/java.util.ArrayList.forEach(ArrayList.java:1511)
... Removed 31 stack frames]]>
    </failure>
  </testcase> <!-- @BeforeMethod initilizeDriver -->
  <testcase classname="testBase.TestBase" name="@AfterMethod tearDown" time="0.001">
    <failure type="java.lang.NullPointerException" message="Cannot invoke &amp;quot;org.openqa.selenium.WebDriver.close()&amp;quot; because &amp;quot;this.driver&amp;quot; is null">
      <![CDATA[java.lang.NullPointerException: Cannot invoke "org.openqa.selenium.WebDriver.close()" because "this.driver" is null
at testBase.TestBase.tearDown(TestBase.java:88)
at java.base/java.util.ArrayList.forEach(ArrayList.java:1511)
... Removed 32 stack frames]]>
    </failure>
  </testcase> <!-- @AfterMethod tearDown -->
  <testcase classname="Test.FirstTest" name="checkOrder" time="0.001">
    <skipped/>
  </testcase> <!-- checkOrder -->
</testsuite> <!-- Test -->
