<?xml version="1.0" encoding="UTF-8"?>
<testng-results ignored="0" total="1" passed="1" failed="0" skipped="0">
  <reporter-output>
  </reporter-output>
  <suite started-at="2023-11-12T08:16:15 IST" name="Suite" finished-at="2023-11-12T08:16:28 IST" duration-ms="13207">
    <groups>
    </groups>
    <test started-at="2023-11-12T08:16:15 IST" name="Test" finished-at="2023-11-12T08:16:28 IST" duration-ms="13207">
      <class name="Test.FirstTest">
        <test-method is-config="true" signature="initilizeDriver()[pri:0, instance:Test.FirstTest@1ddf84b8]" started-at="2023-11-12T08:16:15 IST" name="initilizeDriver" finished-at="2023-11-12T08:16:22 IST" duration-ms="6706" status="PASS">
          <reporter-output>
          </reporter-output>
        </test-method> <!-- initilizeDriver -->
        <test-method signature="checkOrder()[pri:0, instance:Test.FirstTest@1ddf84b8]" started-at="2023-11-12T08:16:22 IST" name="checkOrder" finished-at="2023-11-12T08:16:28 IST" duration-ms="6031" status="PASS">
          <reporter-output>
          </reporter-output>
        </test-method> <!-- checkOrder -->
        <test-method is-config="true" signature="tearDown()[pri:0, instance:Test.FirstTest@1ddf84b8]" started-at="2023-11-12T08:16:28 IST" name="tearDown" finished-at="2023-11-12T08:16:28 IST" duration-ms="190" status="PASS">
          <reporter-output>
          </reporter-output>
        </test-method> <!-- tearDown -->
      </class> <!-- Test.FirstTest -->
    </test> <!-- Test -->
  </suite> <!-- Suite -->
</testng-results>
