<?xml version="1.0" encoding="UTF-8"?>
<testng-results ignored="0" total="1" passed="1" failed="0" skipped="0">
  <reporter-output>
  </reporter-output>
  <suite started-at="2023-11-13T08:42:52 IST" name="Suite" finished-at="2023-11-13T08:43:03 IST" duration-ms="10193">
    <groups>
    </groups>
    <test started-at="2023-11-13T08:42:52 IST" name="Test" finished-at="2023-11-13T08:43:03 IST" duration-ms="10193">
      <class name="Test.testStartToEnd">
        <test-method is-config="true" signature="initilizeDriver()[pri:0, instance:Test.testStartToEnd@18078bef]" started-at="2023-11-13T08:42:53 IST" name="initilizeDriver" finished-at="2023-11-13T08:42:56 IST" duration-ms="3666" status="PASS">
          <reporter-output>
          </reporter-output>
        </test-method> <!-- initilizeDriver -->
        <test-method signature="loginToApp(java.util.HashMap)[pri:1, instance:Test.testStartToEnd@18078bef]" started-at="2023-11-13T08:42:57 IST" name="loginToApp" data-provider="getData" finished-at="2023-11-13T08:43:02 IST" duration-ms="5910" status="PASS">
          <params>
            <param index="0">
              <value>
                <![CDATA[{searchProduct=ADIDAS ORIGINAL, pass=9760pks, email=9760pks@gmail.com}]]>
              </value>
            </param>
          </params>
          <reporter-output>
          </reporter-output>
        </test-method> <!-- loginToApp -->
        <test-method is-config="true" signature="tearDown()[pri:0, instance:Test.testStartToEnd@18078bef]" started-at="2023-11-13T08:43:02 IST" name="tearDown" finished-at="2023-11-13T08:43:03 IST" duration-ms="107" status="PASS">
          <reporter-output>
          </reporter-output>
        </test-method> <!-- tearDown -->
      </class> <!-- Test.testStartToEnd -->
    </test> <!-- Test -->
  </suite> <!-- Suite -->
</testng-results>
