<?xml version="1.0" encoding="UTF-8"?>
<testng-results ignored="0" total="1" passed="1" failed="0" skipped="0">
  <reporter-output>
  </reporter-output>
  <suite started-at="2023-11-12T07:38:49 IST" name="Default suite" finished-at="2023-11-12T07:39:02 IST" duration-ms="12997">
    <groups>
    </groups>
    <test started-at="2023-11-12T07:38:49 IST" name="Default test" finished-at="2023-11-12T07:39:02 IST" duration-ms="12997">
      <class name="Test.FirstTest">
        <test-method is-config="true" signature="initilizeDriver()[pri:0, instance:Test.FirstTest@4c371370]" started-at="2023-11-12T07:38:49 IST" name="initilizeDriver" finished-at="2023-11-12T07:38:55 IST" duration-ms="6646" status="PASS">
          <reporter-output>
          </reporter-output>
        </test-method> <!-- initilizeDriver -->
        <test-method signature="checkOrder()[pri:0, instance:Test.FirstTest@4c371370]" started-at="2023-11-12T07:38:55 IST" name="checkOrder" finished-at="2023-11-12T07:39:01 IST" duration-ms="6138" status="PASS">
          <reporter-output>
          </reporter-output>
        </test-method> <!-- checkOrder -->
        <test-method is-config="true" signature="tearDown()[pri:0, instance:Test.FirstTest@4c371370]" started-at="2023-11-12T07:39:01 IST" name="tearDown" finished-at="2023-11-12T07:39:02 IST" duration-ms="127" status="PASS">
          <reporter-output>
          </reporter-output>
        </test-method> <!-- tearDown -->
      </class> <!-- Test.FirstTest -->
    </test> <!-- Default test -->
  </suite> <!-- Default suite -->
</testng-results>
